{"level":"info","message":"======================================","timestamp":"2018-04-14T07:36:13.987Z"}
{"level":"info","message":"**** Dev Notes ****\n","timestamp":"2018-04-14T07:36:13.989Z"}
{"level":"info","message":"1. Avoid using sessionStorage, Use storage instead","timestamp":"2018-04-14T07:36:13.990Z"}
{"level":"info","message":"2. On every commit the linter runs locally for the changes made,if the linter fails, commit is not applied. Please fix the linter warnings and reapply the commit.","timestamp":"2018-04-14T07:36:13.990Z"}
{"level":"info","message":"3. Whenever using setCookie, do PLATFORM_TYPE check as it does not work in native","timestamp":"2018-04-14T07:36:13.990Z"}
{"level":"info","message":"4. On adding a new key to config.js.example, the same key   has to be added to config.js.build.example\n","timestamp":"2018-04-14T07:36:13.990Z"}
{"level":"info","message":"======================================","timestamp":"2018-04-14T07:36:13.990Z"}
{"level":"info","message":"Running webpack in development mode","timestamp":"2018-04-14T07:36:13.990Z"}
{"level":"info","message":"======================================","timestamp":"2018-04-14T07:38:03.148Z"}
{"level":"info","message":"**** Dev Notes ****\n","timestamp":"2018-04-14T07:38:03.150Z"}
{"level":"info","message":"1. Avoid using sessionStorage, Use storage instead","timestamp":"2018-04-14T07:38:03.150Z"}
{"level":"info","message":"2. On every commit the linter runs locally for the changes made,if the linter fails, commit is not applied. Please fix the linter warnings and reapply the commit.","timestamp":"2018-04-14T07:38:03.150Z"}
{"level":"info","message":"3. Whenever using setCookie, do PLATFORM_TYPE check as it does not work in native","timestamp":"2018-04-14T07:38:03.151Z"}
{"level":"info","message":"4. On adding a new key to config.js.example, the same key   has to be added to config.js.build.example\n","timestamp":"2018-04-14T07:38:03.151Z"}
{"level":"info","message":"======================================","timestamp":"2018-04-14T07:38:03.151Z"}
{"level":"info","message":"Running webpack in development mode","timestamp":"2018-04-14T07:38:03.151Z"}
{"level":"info","message":"======================================","timestamp":"2018-04-14T07:39:07.275Z"}
{"level":"info","message":"**** Dev Notes ****\n","timestamp":"2018-04-14T07:39:07.277Z"}
{"level":"info","message":"1. Avoid using sessionStorage, Use storage instead","timestamp":"2018-04-14T07:39:07.277Z"}
{"level":"info","message":"2. On every commit the linter runs locally for the changes made,if the linter fails, commit is not applied. Please fix the linter warnings and reapply the commit.","timestamp":"2018-04-14T07:39:07.277Z"}
{"level":"info","message":"3. Whenever using setCookie, do PLATFORM_TYPE check as it does not work in native","timestamp":"2018-04-14T07:39:07.277Z"}
{"level":"info","message":"4. On adding a new key to config.js.example, the same key   has to be added to config.js.build.example\n","timestamp":"2018-04-14T07:39:07.277Z"}
{"level":"info","message":"======================================","timestamp":"2018-04-14T07:39:07.277Z"}
{"level":"info","message":"Running webpack in development mode","timestamp":"2018-04-14T07:39:07.277Z"}
{"level":"info","message":"======================================","timestamp":"2018-04-14T07:42:38.800Z"}
{"level":"info","message":"**** Dev Notes ****\n","timestamp":"2018-04-14T07:42:38.808Z"}
{"level":"info","message":"1. Avoid using sessionStorage, Use storage instead","timestamp":"2018-04-14T07:42:38.809Z"}
{"level":"info","message":"2. On every commit the linter runs locally for the changes made,if the linter fails, commit is not applied. Please fix the linter warnings and reapply the commit.","timestamp":"2018-04-14T07:42:38.809Z"}
{"level":"info","message":"3. Whenever using setCookie, do PLATFORM_TYPE check as it does not work in native","timestamp":"2018-04-14T07:42:38.809Z"}
{"level":"info","message":"4. On adding a new key to config.js.example, the same key   has to be added to config.js.build.example\n","timestamp":"2018-04-14T07:42:38.809Z"}
{"level":"info","message":"======================================","timestamp":"2018-04-14T07:42:38.809Z"}
{"level":"info","message":"Running webpack in development mode","timestamp":"2018-04-14T07:42:38.810Z"}
{"level":"info","message":"======================================","timestamp":"2018-04-14T07:43:17.463Z"}
{"level":"info","message":"**** Dev Notes ****\n","timestamp":"2018-04-14T07:43:17.465Z"}
{"level":"info","message":"1. Avoid using sessionStorage, Use storage instead","timestamp":"2018-04-14T07:43:17.465Z"}
{"level":"info","message":"2. On every commit the linter runs locally for the changes made,if the linter fails, commit is not applied. Please fix the linter warnings and reapply the commit.","timestamp":"2018-04-14T07:43:17.465Z"}
{"level":"info","message":"3. Whenever using setCookie, do PLATFORM_TYPE check as it does not work in native","timestamp":"2018-04-14T07:43:17.465Z"}
{"level":"info","message":"4. On adding a new key to config.js.example, the same key   has to be added to config.js.build.example\n","timestamp":"2018-04-14T07:43:17.465Z"}
{"level":"info","message":"======================================","timestamp":"2018-04-14T07:43:17.465Z"}
{"level":"info","message":"Running webpack in development mode","timestamp":"2018-04-14T07:43:17.465Z"}
{"level":"info","message":"======================================","timestamp":"2018-04-14T07:43:48.233Z"}
{"level":"info","message":"**** Dev Notes ****\n","timestamp":"2018-04-14T07:43:48.235Z"}
{"level":"info","message":"1. Avoid using sessionStorage, Use storage instead","timestamp":"2018-04-14T07:43:48.235Z"}
{"level":"info","message":"2. On every commit the linter runs locally for the changes made,if the linter fails, commit is not applied. Please fix the linter warnings and reapply the commit.","timestamp":"2018-04-14T07:43:48.235Z"}
{"level":"info","message":"3. Whenever using setCookie, do PLATFORM_TYPE check as it does not work in native","timestamp":"2018-04-14T07:43:48.236Z"}
{"level":"info","message":"4. On adding a new key to config.js.example, the same key   has to be added to config.js.build.example\n","timestamp":"2018-04-14T07:43:48.236Z"}
{"level":"info","message":"======================================","timestamp":"2018-04-14T07:43:48.236Z"}
{"level":"info","message":"Running webpack in development mode","timestamp":"2018-04-14T07:43:48.236Z"}
{"level":"info","message":"======================================","timestamp":"2018-04-14T07:45:41.188Z"}
{"level":"info","message":"**** Dev Notes ****\n","timestamp":"2018-04-14T07:45:41.190Z"}
{"level":"info","message":"1. Avoid using sessionStorage, Use storage instead","timestamp":"2018-04-14T07:45:41.190Z"}
{"level":"info","message":"2. On every commit the linter runs locally for the changes made,if the linter fails, commit is not applied. Please fix the linter warnings and reapply the commit.","timestamp":"2018-04-14T07:45:41.190Z"}
{"level":"info","message":"3. Whenever using setCookie, do PLATFORM_TYPE check as it does not work in native","timestamp":"2018-04-14T07:45:41.190Z"}
{"level":"info","message":"4. On adding a new key to config.js.example, the same key   has to be added to config.js.build.example\n","timestamp":"2018-04-14T07:45:41.190Z"}
{"level":"info","message":"======================================","timestamp":"2018-04-14T07:45:41.190Z"}
{"level":"info","message":"Running webpack in development mode","timestamp":"2018-04-14T07:45:41.190Z"}
{"level":"info","message":"Running webpack in production mode","timestamp":"2018-04-14T07:50:31.978Z"}
{"level":"info","message":"======================================","timestamp":"2018-04-14T07:52:06.133Z"}
{"level":"info","message":"**** Dev Notes ****\n","timestamp":"2018-04-14T07:52:06.135Z"}
{"level":"info","message":"1. Avoid using sessionStorage, Use storage instead","timestamp":"2018-04-14T07:52:06.135Z"}
{"level":"info","message":"2. On every commit the linter runs locally for the changes made,if the linter fails, commit is not applied. Please fix the linter warnings and reapply the commit.","timestamp":"2018-04-14T07:52:06.135Z"}
{"level":"info","message":"3. Whenever using setCookie, do PLATFORM_TYPE check as it does not work in native","timestamp":"2018-04-14T07:52:06.135Z"}
{"level":"info","message":"4. On adding a new key to config.js.example, the same key   has to be added to config.js.build.example\n","timestamp":"2018-04-14T07:52:06.135Z"}
{"level":"info","message":"======================================","timestamp":"2018-04-14T07:52:06.136Z"}
{"level":"info","message":"Running webpack in development mode","timestamp":"2018-04-14T07:52:06.136Z"}
{"level":"info","message":"Running webpack in production mode","timestamp":"2018-04-14T07:57:12.628Z"}
{"level":"info","message":"======================================","timestamp":"2018-04-14T08:01:29.227Z"}
{"level":"info","message":"**** Dev Notes ****\n","timestamp":"2018-04-14T08:01:29.229Z"}
{"level":"info","message":"1. Avoid using sessionStorage, Use storage instead","timestamp":"2018-04-14T08:01:29.229Z"}
{"level":"info","message":"2. On every commit the linter runs locally for the changes made,if the linter fails, commit is not applied. Please fix the linter warnings and reapply the commit.","timestamp":"2018-04-14T08:01:29.229Z"}
{"level":"info","message":"3. Whenever using setCookie, do PLATFORM_TYPE check as it does not work in native","timestamp":"2018-04-14T08:01:29.230Z"}
{"level":"info","message":"4. On adding a new key to config.js.example, the same key   has to be added to config.js.build.example\n","timestamp":"2018-04-14T08:01:29.230Z"}
{"level":"info","message":"======================================","timestamp":"2018-04-14T08:01:29.230Z"}
{"level":"info","message":"Running webpack in development mode","timestamp":"2018-04-14T08:01:29.230Z"}
{"level":"info","message":"======================================","timestamp":"2018-04-14T08:03:11.311Z"}
{"level":"info","message":"**** Dev Notes ****\n","timestamp":"2018-04-14T08:03:11.313Z"}
{"level":"info","message":"1. Avoid using sessionStorage, Use storage instead","timestamp":"2018-04-14T08:03:11.313Z"}
{"level":"info","message":"2. On every commit the linter runs locally for the changes made,if the linter fails, commit is not applied. Please fix the linter warnings and reapply the commit.","timestamp":"2018-04-14T08:03:11.313Z"}
{"level":"info","message":"3. Whenever using setCookie, do PLATFORM_TYPE check as it does not work in native","timestamp":"2018-04-14T08:03:11.313Z"}
{"level":"info","message":"4. On adding a new key to config.js.example, the same key   has to be added to config.js.build.example\n","timestamp":"2018-04-14T08:03:11.314Z"}
{"level":"info","message":"======================================","timestamp":"2018-04-14T08:03:11.314Z"}
{"level":"info","message":"Running webpack in development mode","timestamp":"2018-04-14T08:03:11.314Z"}
{"level":"info","message":"Running webpack in production mode","timestamp":"2018-04-14T08:05:35.111Z"}
{"level":"info","message":"======================================","timestamp":"2018-04-14T08:05:48.439Z"}
{"level":"info","message":"**** Dev Notes ****\n","timestamp":"2018-04-14T08:05:48.441Z"}
{"level":"info","message":"1. Avoid using sessionStorage, Use storage instead","timestamp":"2018-04-14T08:05:48.441Z"}
{"level":"info","message":"2. On every commit the linter runs locally for the changes made,if the linter fails, commit is not applied. Please fix the linter warnings and reapply the commit.","timestamp":"2018-04-14T08:05:48.441Z"}
{"level":"info","message":"3. Whenever using setCookie, do PLATFORM_TYPE check as it does not work in native","timestamp":"2018-04-14T08:05:48.441Z"}
{"level":"info","message":"4. On adding a new key to config.js.example, the same key   has to be added to config.js.build.example\n","timestamp":"2018-04-14T08:05:48.441Z"}
{"level":"info","message":"======================================","timestamp":"2018-04-14T08:05:48.441Z"}
{"level":"info","message":"Running webpack in development mode","timestamp":"2018-04-14T08:05:48.442Z"}
{"level":"info","message":"Running webpack in production mode","timestamp":"2018-04-14T08:06:38.808Z"}
{"level":"info","message":"======================================","timestamp":"2018-04-14T08:07:12.808Z"}
{"level":"info","message":"**** Dev Notes ****\n","timestamp":"2018-04-14T08:07:12.810Z"}
{"level":"info","message":"1. Avoid using sessionStorage, Use storage instead","timestamp":"2018-04-14T08:07:12.811Z"}
{"level":"info","message":"2. On every commit the linter runs locally for the changes made,if the linter fails, commit is not applied. Please fix the linter warnings and reapply the commit.","timestamp":"2018-04-14T08:07:12.811Z"}
{"level":"info","message":"3. Whenever using setCookie, do PLATFORM_TYPE check as it does not work in native","timestamp":"2018-04-14T08:07:12.811Z"}
{"level":"info","message":"4. On adding a new key to config.js.example, the same key   has to be added to config.js.build.example\n","timestamp":"2018-04-14T08:07:12.811Z"}
{"level":"info","message":"======================================","timestamp":"2018-04-14T08:07:12.811Z"}
{"level":"info","message":"Running webpack in development mode","timestamp":"2018-04-14T08:07:12.811Z"}
{"level":"info","message":"======================================","timestamp":"2018-04-14T08:09:19.703Z"}
{"level":"info","message":"**** Dev Notes ****\n","timestamp":"2018-04-14T08:09:19.705Z"}
{"level":"info","message":"1. Avoid using sessionStorage, Use storage instead","timestamp":"2018-04-14T08:09:19.706Z"}
{"level":"info","message":"2. On every commit the linter runs locally for the changes made,if the linter fails, commit is not applied. Please fix the linter warnings and reapply the commit.","timestamp":"2018-04-14T08:09:19.706Z"}
{"level":"info","message":"3. Whenever using setCookie, do PLATFORM_TYPE check as it does not work in native","timestamp":"2018-04-14T08:09:19.706Z"}
{"level":"info","message":"4. On adding a new key to config.js.example, the same key   has to be added to config.js.build.example\n","timestamp":"2018-04-14T08:09:19.706Z"}
{"level":"info","message":"======================================","timestamp":"2018-04-14T08:09:19.706Z"}
{"level":"info","message":"Running webpack in development mode","timestamp":"2018-04-14T08:09:19.706Z"}
{"level":"info","message":"======================================","timestamp":"2018-04-14T08:10:43.731Z"}
{"level":"info","message":"**** Dev Notes ****\n","timestamp":"2018-04-14T08:10:43.734Z"}
{"level":"info","message":"1. Avoid using sessionStorage, Use storage instead","timestamp":"2018-04-14T08:10:43.735Z"}
{"level":"info","message":"2. On every commit the linter runs locally for the changes made,if the linter fails, commit is not applied. Please fix the linter warnings and reapply the commit.","timestamp":"2018-04-14T08:10:43.736Z"}
{"level":"info","message":"3. Whenever using setCookie, do PLATFORM_TYPE check as it does not work in native","timestamp":"2018-04-14T08:10:43.736Z"}
{"level":"info","message":"4. On adding a new key to config.js.example, the same key   has to be added to config.js.build.example\n","timestamp":"2018-04-14T08:10:43.736Z"}
{"level":"info","message":"======================================","timestamp":"2018-04-14T08:10:43.736Z"}
{"level":"info","message":"Running webpack in development mode","timestamp":"2018-04-14T08:10:43.737Z"}
{"level":"info","message":"Running webpack in production mode","timestamp":"2018-04-14T08:12:01.052Z"}
{"level":"info","message":"======================================","timestamp":"2018-04-14T08:12:48.518Z"}
{"level":"info","message":"**** Dev Notes ****\n","timestamp":"2018-04-14T08:12:48.520Z"}
{"level":"info","message":"1. Avoid using sessionStorage, Use storage instead","timestamp":"2018-04-14T08:12:48.520Z"}
{"level":"info","message":"2. On every commit the linter runs locally for the changes made,if the linter fails, commit is not applied. Please fix the linter warnings and reapply the commit.","timestamp":"2018-04-14T08:12:48.520Z"}
{"level":"info","message":"3. Whenever using setCookie, do PLATFORM_TYPE check as it does not work in native","timestamp":"2018-04-14T08:12:48.520Z"}
{"level":"info","message":"4. On adding a new key to config.js.example, the same key   has to be added to config.js.build.example\n","timestamp":"2018-04-14T08:12:48.520Z"}
{"level":"info","message":"======================================","timestamp":"2018-04-14T08:12:48.520Z"}
{"level":"info","message":"Running webpack in development mode","timestamp":"2018-04-14T08:12:48.520Z"}
{"level":"info","message":"Running webpack in production mode","timestamp":"2018-04-14T08:13:52.144Z"}
{"level":"info","message":"Running webpack in production mode","timestamp":"2018-04-14T08:21:18.850Z"}
{"level":"info","message":"Running webpack in production mode","timestamp":"2018-04-14T08:21:51.612Z"}
{"level":"info","message":"Running webpack in production mode","timestamp":"2018-04-14T08:22:08.728Z"}
{"level":"info","message":"======================================","timestamp":"2018-04-14T08:22:23.440Z"}
{"level":"info","message":"**** Dev Notes ****\n","timestamp":"2018-04-14T08:22:23.442Z"}
{"level":"info","message":"1. Avoid using sessionStorage, Use storage instead","timestamp":"2018-04-14T08:22:23.442Z"}
{"level":"info","message":"2. On every commit the linter runs locally for the changes made,if the linter fails, commit is not applied. Please fix the linter warnings and reapply the commit.","timestamp":"2018-04-14T08:22:23.442Z"}
{"level":"info","message":"3. Whenever using setCookie, do PLATFORM_TYPE check as it does not work in native","timestamp":"2018-04-14T08:22:23.442Z"}
{"level":"info","message":"4. On adding a new key to config.js.example, the same key   has to be added to config.js.build.example\n","timestamp":"2018-04-14T08:22:23.442Z"}
{"level":"info","message":"======================================","timestamp":"2018-04-14T08:22:23.442Z"}
{"level":"info","message":"Running webpack in development mode","timestamp":"2018-04-14T08:22:23.443Z"}
{"level":"info","message":"Running webpack in production mode","timestamp":"2018-04-14T08:23:43.562Z"}
{"level":"info","message":"Running webpack in production mode","timestamp":"2018-04-14T08:24:14.525Z"}
{"level":"info","message":"======================================","timestamp":"2018-04-14T08:24:25.964Z"}
{"level":"info","message":"**** Dev Notes ****\n","timestamp":"2018-04-14T08:24:25.966Z"}
{"level":"info","message":"1. Avoid using sessionStorage, Use storage instead","timestamp":"2018-04-14T08:24:25.966Z"}
{"level":"info","message":"2. On every commit the linter runs locally for the changes made,if the linter fails, commit is not applied. Please fix the linter warnings and reapply the commit.","timestamp":"2018-04-14T08:24:25.966Z"}
{"level":"info","message":"3. Whenever using setCookie, do PLATFORM_TYPE check as it does not work in native","timestamp":"2018-04-14T08:24:25.966Z"}
{"level":"info","message":"4. On adding a new key to config.js.example, the same key   has to be added to config.js.build.example\n","timestamp":"2018-04-14T08:24:25.966Z"}
{"level":"info","message":"======================================","timestamp":"2018-04-14T08:24:25.967Z"}
{"level":"info","message":"Running webpack in development mode","timestamp":"2018-04-14T08:24:25.967Z"}
{"level":"info","message":"Running webpack in production mode","timestamp":"2018-04-14T08:26:18.086Z"}
{"level":"info","message":"======================================","timestamp":"2018-04-14T08:26:30.800Z"}
{"level":"info","message":"**** Dev Notes ****\n","timestamp":"2018-04-14T08:26:30.801Z"}
{"level":"info","message":"1. Avoid using sessionStorage, Use storage instead","timestamp":"2018-04-14T08:26:30.802Z"}
{"level":"info","message":"2. On every commit the linter runs locally for the changes made,if the linter fails, commit is not applied. Please fix the linter warnings and reapply the commit.","timestamp":"2018-04-14T08:26:30.802Z"}
{"level":"info","message":"3. Whenever using setCookie, do PLATFORM_TYPE check as it does not work in native","timestamp":"2018-04-14T08:26:30.802Z"}
{"level":"info","message":"4. On adding a new key to config.js.example, the same key   has to be added to config.js.build.example\n","timestamp":"2018-04-14T08:26:30.802Z"}
{"level":"info","message":"======================================","timestamp":"2018-04-14T08:26:30.802Z"}
{"level":"info","message":"Running webpack in development mode","timestamp":"2018-04-14T08:26:30.802Z"}
{"level":"info","message":"======================================","timestamp":"2018-04-14T08:29:29.678Z"}
{"level":"info","message":"**** Dev Notes ****\n","timestamp":"2018-04-14T08:29:29.680Z"}
{"level":"info","message":"1. Avoid using sessionStorage, Use storage instead","timestamp":"2018-04-14T08:29:29.680Z"}
{"level":"info","message":"2. On every commit the linter runs locally for the changes made,if the linter fails, commit is not applied. Please fix the linter warnings and reapply the commit.","timestamp":"2018-04-14T08:29:29.680Z"}
{"level":"info","message":"3. Whenever using setCookie, do PLATFORM_TYPE check as it does not work in native","timestamp":"2018-04-14T08:29:29.681Z"}
{"level":"info","message":"4. On adding a new key to config.js.example, the same key   has to be added to config.js.build.example\n","timestamp":"2018-04-14T08:29:29.681Z"}
{"level":"info","message":"======================================","timestamp":"2018-04-14T08:29:29.681Z"}
{"level":"info","message":"Running webpack in development mode","timestamp":"2018-04-14T08:29:29.681Z"}
{"level":"info","message":"Running webpack in production mode","timestamp":"2018-04-14T08:31:53.342Z"}
{"level":"info","message":"======================================","timestamp":"2018-04-14T08:32:05.171Z"}
{"level":"info","message":"Running webpack in development mode","timestamp":"2018-04-14T08:32:05.174Z"}
{"level":"info","message":"======================================","timestamp":"2018-04-14T08:34:38.397Z"}
{"level":"info","message":"Running webpack in development mode","timestamp":"2018-04-14T08:34:38.399Z"}
{"level":"info","message":"Running webpack in production mode","timestamp":"2018-04-14T08:39:02.273Z"}
{"level":"info","message":"======================================","timestamp":"2018-04-14T08:39:15.139Z"}
{"level":"info","message":"Running webpack in development mode","timestamp":"2018-04-14T08:39:15.141Z"}
{"level":"info","message":"======================================","timestamp":"2018-04-14T08:41:26.068Z"}
{"level":"info","message":"Running webpack in development mode","timestamp":"2018-04-14T08:41:26.070Z"}
{"level":"info","message":"======================================","timestamp":"2018-04-14T08:42:02.494Z"}
{"level":"info","message":"Running webpack in development mode","timestamp":"2018-04-14T08:42:02.496Z"}
{"level":"info","message":"======================================","timestamp":"2018-04-14T08:43:34.171Z"}
{"level":"info","message":"Running webpack in development mode","timestamp":"2018-04-14T08:43:34.216Z"}
{"level":"info","message":"======================================","timestamp":"2018-04-14T08:45:16.315Z"}
{"level":"info","message":"Running webpack in development mode","timestamp":"2018-04-14T08:45:16.317Z"}
{"level":"info","message":"======================================","timestamp":"2018-04-14T08:47:43.625Z"}
{"level":"info","message":"Running webpack in development mode","timestamp":"2018-04-14T08:47:43.629Z"}
{"level":"info","message":"======================================","timestamp":"2018-04-14T08:49:43.132Z"}
{"level":"info","message":"Running webpack in development mode","timestamp":"2018-04-14T08:49:43.133Z"}
{"level":"info","message":"======================================","timestamp":"2018-04-14T08:50:54.959Z"}
{"level":"info","message":"Running webpack in development mode","timestamp":"2018-04-14T08:50:54.960Z"}
{"level":"info","message":"======================================","timestamp":"2018-04-14T08:51:41.842Z"}
{"level":"info","message":"Running webpack in development mode","timestamp":"2018-04-14T08:51:41.843Z"}
{"level":"info","message":"Running webpack in production mode","timestamp":"2018-04-14T08:54:08.683Z"}
{"level":"info","message":"======================================","timestamp":"2018-04-14T08:54:20.057Z"}
{"level":"info","message":"Running webpack in development mode","timestamp":"2018-04-14T08:54:20.058Z"}
{"level":"info","message":"======================================","timestamp":"2018-04-14T08:56:07.376Z"}
{"level":"info","message":"Running webpack in development mode","timestamp":"2018-04-14T08:56:07.377Z"}
{"level":"info","message":"======================================","timestamp":"2018-04-14T08:59:17.130Z"}
{"level":"info","message":"Running webpack in development mode","timestamp":"2018-04-14T08:59:17.133Z"}
{"level":"info","message":"======================================","timestamp":"2018-04-14T09:02:31.914Z"}
{"level":"info","message":"Running webpack in development mode","timestamp":"2018-04-14T09:02:31.915Z"}
{"level":"info","message":"======================================","timestamp":"2018-04-14T09:05:56.910Z"}
{"level":"info","message":"Running webpack in development mode","timestamp":"2018-04-14T09:05:56.912Z"}
{"level":"info","message":"======================================","timestamp":"2018-04-14T09:08:27.910Z"}
{"level":"info","message":"Running webpack in development mode","timestamp":"2018-04-14T09:08:27.912Z"}
{"level":"info","message":"======================================","timestamp":"2018-04-14T09:10:58.376Z"}
{"level":"info","message":"Running webpack in development mode","timestamp":"2018-04-14T09:10:58.378Z"}
{"level":"info","message":"======================================","timestamp":"2018-04-14T09:12:40.663Z"}
{"level":"info","message":"Running webpack in development mode","timestamp":"2018-04-14T09:12:40.665Z"}
{"level":"info","message":"Running webpack in production mode","timestamp":"2018-04-14T09:15:27.616Z"}
{"level":"info","message":"======================================","timestamp":"2018-04-14T09:15:40.483Z"}
{"level":"info","message":"Running webpack in development mode","timestamp":"2018-04-14T09:15:40.485Z"}
{"level":"info","message":"======================================","timestamp":"2018-04-14T09:16:36.372Z"}
{"level":"info","message":"Running webpack in development mode","timestamp":"2018-04-14T09:16:36.374Z"}
{"level":"info","message":"Running webpack in production mode","timestamp":"2018-04-14T09:17:14.034Z"}
{"level":"info","message":"======================================","timestamp":"2018-04-14T09:17:31.644Z"}
{"level":"info","message":"Running webpack in development mode","timestamp":"2018-04-14T09:17:31.647Z"}
